<?xml version="1.0" encoding="UTF-8"?>
<testng-results skipped="0" failed="0" ignored="0" total="1" passed="1">
  <reporter-output>
  </reporter-output>
  <suite name="Suite" duration-ms="131" started-at="2020-08-09T15:57:03 IST" finished-at="2020-08-09T15:57:03 IST">
    <groups>
    </groups>
    <test name="Test" duration-ms="131" started-at="2020-08-09T15:57:03 IST" finished-at="2020-08-09T15:57:03 IST">
      <class name="testFeatures.LoginFeatureTests">
        <test-method status="PASS" signature="login_test1()[pri:0, instance:testFeatures.LoginFeatureTests@73ba6fe6]" name="login_test1" duration-ms="20" started-at="2020-08-09T15:57:03 IST" finished-at="2020-08-09T15:57:03 IST">
          <reporter-output>
          </reporter-output>
        </test-method> <!-- login_test1 -->
      </class> <!-- testFeatures.LoginFeatureTests -->
    </test> <!-- Test -->
  </suite> <!-- Suite -->
</testng-results>
