<?xml version="1.0" encoding="UTF-8"?>
<testng-results skipped="0" failed="0" ignored="0" total="1" passed="1">
  <reporter-output>
  </reporter-output>
  <suite name="Default suite" duration-ms="149" started-at="2020-08-09T10:10:20 IST" finished-at="2020-08-09T10:10:20 IST">
    <groups>
    </groups>
    <test name="Default test" duration-ms="149" started-at="2020-08-09T10:10:20 IST" finished-at="2020-08-09T10:10:20 IST">
      <class name="testFeatures.LoginFeatureTests">
        <test-method status="PASS" signature="login_test1()[pri:0, instance:testFeatures.LoginFeatureTests@2b9627bc]" name="login_test1" duration-ms="32" started-at="2020-08-09T10:10:20 IST" finished-at="2020-08-09T10:10:20 IST">
          <reporter-output>
          </reporter-output>
        </test-method> <!-- login_test1 -->
      </class> <!-- testFeatures.LoginFeatureTests -->
    </test> <!-- Default test -->
  </suite> <!-- Default suite -->
</testng-results>
